<?xml version="1.0" encoding="UTF-8"?>
<!-- Generated by org.testng.reporters.JUnitReportReporter -->
<testsuite skipped="0" hostname="Vishnu-PC" name="Day22.TestNG_Demo" tests="1" failures="0" timestamp="27 Apr 2020 07:32:43 GMT" time="9.587" errors="0">
  <testcase name="googleSearch" time="9.587" classname="Day22.TestNG_Demo"/>
</testsuite> <!-- Day22.TestNG_Demo -->
