<?xml version="1.0" encoding="UTF-8"?>
<!-- Generated by org.testng.reporters.JUnitReportReporter -->
<testsuite skipped="0" hostname="Vishnu-PC" name="Day26.TestNG_xml_Function" tests="1" failures="0" timestamp="27 Apr 2020 07:32:43 GMT" time="18.010" errors="0">
  <testcase name="googleSearch2" time="18.010" classname="Day26.TestNG_xml_Function"/>
</testsuite> <!-- Day26.TestNG_xml_Function -->
