<?xml version="1.0" encoding="UTF-8"?>
<!-- Generated by org.testng.reporters.JUnitReportReporter -->
<testsuite skipped="2" hostname="Vishnu-PC" name="Day39.IgnoreTest_using_TestNG" tests="3" failures="0" timestamp="02 May 2020 10:54:08 GMT" time="0.032" errors="0">
  <testcase name="test2" time="0.032" classname="Day39.IgnoreTest_using_TestNG"/>
  <testcase name="test1" classname="Day39.IgnoreTest_using_TestNG">
    <skipped/>
  </testcase> <!-- test1 -->
  <testcase name="test3" classname="Day39.IgnoreTest_using_TestNG">
    <skipped/>
  </testcase> <!-- test3 -->
</testsuite> <!-- Day39.IgnoreTest_using_TestNG -->
