<?xml version="1.0" encoding="UTF-8"?>
<!-- Generated by org.testng.reporters.JUnitReportReporter -->
<testsuite skipped="0" hostname="Vishnu-PC" name="Day37.Parameters_TestNG" tests="1" failures="0" timestamp="02 May 2020 10:13:45 GMT" time="0.016" errors="0">
  <testcase name="test" time="0.016" classname="Day37.Parameters_TestNG"/>
</testsuite> <!-- Day37.Parameters_TestNG -->
