<?xml version="1.0" encoding="UTF-8"?>
<!-- Generated by org.testng.reporters.JUnitReportReporter -->
<testsuite skipped="0" hostname="Vishnu-PC" name="Day24.ExtentReport_with_TestNG" tests="2" failures="0" timestamp="24 Apr 2020 09:14:52 GMT" time="3.450" errors="0">
  <testcase name="test1" time="0.004" classname="Day24.ExtentReport_with_TestNG"/>
  <testcase name="test" time="3.446" classname="Day24.ExtentReport_with_TestNG"/>
</testsuite> <!-- Day24.ExtentReport_with_TestNG -->
