<?xml version="1.0" encoding="UTF-8"?>
<!-- Generated by org.testng.reporters.JUnitReportReporter -->
<testsuite skipped="0" hostname="Vishnu-PC" name="Day34.TestNG_Priority" tests="3" failures="0" timestamp="01 May 2020 10:13:55 GMT" time="0.015" errors="0">
  <testcase name="two" time="0.000" classname="Day34.TestNG_Priority"/>
  <testcase name="one" time="0.015" classname="Day34.TestNG_Priority"/>
  <testcase name="three" time="0.000" classname="Day34.TestNG_Priority"/>
</testsuite> <!-- Day34.TestNG_Priority -->
