<?xml version="1.0" encoding="UTF-8"?>
<!-- Generated by org.testng.reporters.JUnitReportReporter -->
<testsuite skipped="1" hostname="Vishnu-PC" name="Day33.RegressionTest2" tests="5" failures="0" timestamp="01 May 2020 10:02:00 GMT" time="0.064" errors="0">
  <testcase name="m9" time="0.000" classname="Day33.RegressionTest2">
    <skipped/>
  </testcase> <!-- m9 -->
  <testcase name="m6" time="0.000" classname="Day33.RegressionTest2"/>
  <testcase name="m10" time="0.063" classname="Day33.RegressionTest2"/>
  <testcase name="m7" time="0.000" classname="Day33.RegressionTest2"/>
  <testcase name="m8" time="0.001" classname="Day33.RegressionTest2"/>
</testsuite> <!-- Day33.RegressionTest2 -->
