<?xml version="1.0" encoding="UTF-8"?>
<!-- Generated by org.testng.reporters.JUnitReportReporter -->
<testsuite skipped="0" hostname="Vishnu-PC" name="Day38.Dependencies_TestNG" tests="3" failures="0" timestamp="02 May 2020 10:36:31 GMT" time="0.047" errors="0">
  <testcase name="test1" time="0.000" classname="Day38.Dependencies_TestNG"/>
  <testcase name="test2" time="0.031" classname="Day38.Dependencies_TestNG"/>
  <testcase name="test3" time="0.016" classname="Day38.Dependencies_TestNG"/>
</testsuite> <!-- Day38.Dependencies_TestNG -->
