<?xml version="1.0" encoding="UTF-8"?>
<!-- Generated by org.testng.reporters.JUnitReportReporter -->
<testsuite skipped="0" hostname="Vishnu-PC" name="Day36.Grouping_using_TestNG" tests="4" failures="0" timestamp="02 May 2020 10:35:57 GMT" time="0.016" errors="0">
  <testcase name="test4" time="0.000" classname="Day36.Grouping_using_TestNG"/>
  <testcase name="test2" time="0.000" classname="Day36.Grouping_using_TestNG"/>
  <testcase name="test3" time="0.016" classname="Day36.Grouping_using_TestNG"/>
  <testcase name="test1" time="0.000" classname="Day36.Grouping_using_TestNG"/>
</testsuite> <!-- Day36.Grouping_using_TestNG -->
